<?xml version="1.0" encoding="UTF-8"?>
<testsuite xmlns:xsi="http://www.w3.org/2001/XMLSchema-instance" xsi:noNamespaceSchemaLocation="https://maven.apache.org/surefire/maven-surefire-plugin/xsd/surefire-test-report.xsd" name="Runner.TestRunner" time="11.834" tests="1" errors="0" skipped="0" failures="0">
  <properties>
    <property name="sun.desktop" value="windows"/>
    <property name="awt.toolkit" value="sun.awt.windows.WToolkit"/>
    <property name="java.specification.version" value="12"/>
    <property name="sun.cpu.isalist" value="amd64"/>
    <property name="sun.jnu.encoding" value="Cp1252"/>
    <property name="java.class.path" value="C:\Users\Mahesh\IdeaProjects\SampleProject\target\test-classes;C:\Users\Mahesh\IdeaProjects\SampleProject\target\classes;C:\Users\Mahesh\.m2\repository\org\seleniumhq\selenium\selenium-java\3.141.59\selenium-java-3.141.59.jar;C:\Users\Mahesh\.m2\repository\org\seleniumhq\selenium\selenium-api\3.141.59\selenium-api-3.141.59.jar;C:\Users\Mahesh\.m2\repository\org\seleniumhq\selenium\selenium-chrome-driver\3.141.59\selenium-chrome-driver-3.141.59.jar;C:\Users\Mahesh\.m2\repository\org\seleniumhq\selenium\selenium-edge-driver\3.141.59\selenium-edge-driver-3.141.59.jar;C:\Users\Mahesh\.m2\repository\org\seleniumhq\selenium\selenium-firefox-driver\3.141.59\selenium-firefox-driver-3.141.59.jar;C:\Users\Mahesh\.m2\repository\org\seleniumhq\selenium\selenium-ie-driver\3.141.59\selenium-ie-driver-3.141.59.jar;C:\Users\Mahesh\.m2\repository\org\seleniumhq\selenium\selenium-opera-driver\3.141.59\selenium-opera-driver-3.141.59.jar;C:\Users\Mahesh\.m2\repository\org\seleniumhq\selenium\selenium-remote-driver\3.141.59\selenium-remote-driver-3.141.59.jar;C:\Users\Mahesh\.m2\repository\org\seleniumhq\selenium\selenium-safari-driver\3.141.59\selenium-safari-driver-3.141.59.jar;C:\Users\Mahesh\.m2\repository\org\seleniumhq\selenium\selenium-support\3.141.59\selenium-support-3.141.59.jar;C:\Users\Mahesh\.m2\repository\net\bytebuddy\byte-buddy\1.8.15\byte-buddy-1.8.15.jar;C:\Users\Mahesh\.m2\repository\org\apache\commons\commons-exec\1.3\commons-exec-1.3.jar;C:\Users\Mahesh\.m2\repository\com\google\guava\guava\25.0-jre\guava-25.0-jre.jar;C:\Users\Mahesh\.m2\repository\com\google\code\findbugs\jsr305\1.3.9\jsr305-1.3.9.jar;C:\Users\Mahesh\.m2\repository\org\checkerframework\checker-compat-qual\2.0.0\checker-compat-qual-2.0.0.jar;C:\Users\Mahesh\.m2\repository\com\google\errorprone\error_prone_annotations\2.1.3\error_prone_annotations-2.1.3.jar;C:\Users\Mahesh\.m2\repository\com\google\j2objc\j2objc-annotations\1.1\j2objc-annotations-1.1.jar;C:\Users\Mahesh\.m2\repository\org\codehaus\mojo\animal-sniffer-annotations\1.14\animal-sniffer-annotations-1.14.jar;C:\Users\Mahesh\.m2\repository\com\squareup\okhttp3\okhttp\3.11.0\okhttp-3.11.0.jar;C:\Users\Mahesh\.m2\repository\com\squareup\okio\okio\1.14.0\okio-1.14.0.jar;C:\Users\Mahesh\.m2\repository\io\cucumber\cucumber-java\6.11.0\cucumber-java-6.11.0.jar;C:\Users\Mahesh\.m2\repository\io\cucumber\cucumber-core\6.11.0\cucumber-core-6.11.0.jar;C:\Users\Mahesh\.m2\repository\io\cucumber\cucumber-gherkin\6.11.0\cucumber-gherkin-6.11.0.jar;C:\Users\Mahesh\.m2\repository\io\cucumber\cucumber-gherkin-messages\6.11.0\cucumber-gherkin-messages-6.11.0.jar;C:\Users\Mahesh\.m2\repository\io\cucumber\messages\15.0.0\messages-15.0.0.jar;C:\Users\Mahesh\.m2\repository\io\cucumber\tag-expressions\3.0.1\tag-expressions-3.0.1.jar;C:\Users\Mahesh\.m2\repository\io\cucumber\cucumber-expressions\10.3.0\cucumber-expressions-10.3.0.jar;C:\Users\Mahesh\.m2\repository\io\cucumber\datatable\3.5.0\datatable-3.5.0.jar;C:\Users\Mahesh\.m2\repository\io\cucumber\cucumber-plugin\6.11.0\cucumber-plugin-6.11.0.jar;C:\Users\Mahesh\.m2\repository\io\cucumber\docstring\6.11.0\docstring-6.11.0.jar;C:\Users\Mahesh\.m2\repository\io\cucumber\html-formatter\13.0.0\html-formatter-13.0.0.jar;C:\Users\Mahesh\.m2\repository\io\cucumber\create-meta\4.0.0\create-meta-4.0.0.jar;C:\Users\Mahesh\.m2\repository\org\apiguardian\apiguardian-api\1.1.2\apiguardian-api-1.1.2.jar;C:\Users\Mahesh\.m2\repository\io\cucumber\cucumber-junit\6.11.0\cucumber-junit-6.11.0.jar;C:\Users\Mahesh\.m2\repository\junit\junit\4.13.2\junit-4.13.2.jar;C:\Users\Mahesh\.m2\repository\org\hamcrest\hamcrest-core\1.3\hamcrest-core-1.3.jar;C:\Users\Mahesh\.m2\repository\net\masterthought\cucumber-reporting\5.5.4\cucumber-reporting-5.5.4.jar;C:\Users\Mahesh\.m2\repository\com\fasterxml\jackson\core\jackson-databind\2.12.1\jackson-databind-2.12.1.jar;C:\Users\Mahesh\.m2\repository\com\fasterxml\jackson\core\jackson-annotations\2.12.1\jackson-annotations-2.12.1.jar;C:\Users\Mahesh\.m2\repository\com\fasterxml\jackson\core\jackson-core\2.12.1\jackson-core-2.12.1.jar;C:\Users\Mahesh\.m2\repository\com\fasterxml\jackson\datatype\jackson-datatype-jsr310\2.12.1\jackson-datatype-jsr310-2.12.1.jar;C:\Users\Mahesh\.m2\repository\org\apache\velocity\velocity-engine-core\2.3\velocity-engine-core-2.3.jar;C:\Users\Mahesh\.m2\repository\org\slf4j\slf4j-api\1.7.30\slf4j-api-1.7.30.jar;C:\Users\Mahesh\.m2\repository\commons-collections\commons-collections\3.2.2\commons-collections-3.2.2.jar;C:\Users\Mahesh\.m2\repository\joda-time\joda-time\2.10.10\joda-time-2.10.10.jar;C:\Users\Mahesh\.m2\repository\org\apache\commons\commons-lang3\3.12.0\commons-lang3-3.12.0.jar;C:\Users\Mahesh\.m2\repository\commons-io\commons-io\2.7\commons-io-2.7.jar;C:\Users\Mahesh\.m2\repository\org\codehaus\plexus\plexus-utils\3.3.0\plexus-utils-3.3.0.jar;C:\Users\Mahesh\.m2\repository\org\jsoup\jsoup\1.13.1\jsoup-1.13.1.jar;C:\Users\Mahesh\.m2\repository\com\googlecode\owasp-java-html-sanitizer\owasp-java-html-sanitizer\20200713.1\owasp-java-html-sanitizer-20200713.1.jar;C:\Users\Mahesh\.m2\repository\commons-configuration\commons-configuration\1.10\commons-configuration-1.10.jar;C:\Users\Mahesh\.m2\repository\commons-lang\commons-lang\2.6\commons-lang-2.6.jar;C:\Users\Mahesh\.m2\repository\commons-logging\commons-logging\1.1.1\commons-logging-1.1.1.jar;C:\Users\Mahesh\.m2\repository\net\masterthought\maven-cucumber-reporting\5.5.4\maven-cucumber-reporting-5.5.4.jar;C:\Users\Mahesh\.m2\repository\org\apache\maven\maven-plugin-api\3.8.1\maven-plugin-api-3.8.1.jar;C:\Users\Mahesh\.m2\repository\org\apache\maven\maven-model\3.8.1\maven-model-3.8.1.jar;C:\Users\Mahesh\.m2\repository\org\apache\maven\maven-artifact\3.8.1\maven-artifact-3.8.1.jar;C:\Users\Mahesh\.m2\repository\org\eclipse\sisu\org.eclipse.sisu.plexus\0.3.4\org.eclipse.sisu.plexus-0.3.4.jar;C:\Users\Mahesh\.m2\repository\javax\enterprise\cdi-api\1.0\cdi-api-1.0.jar;C:\Users\Mahesh\.m2\repository\javax\annotation\jsr250-api\1.0\jsr250-api-1.0.jar;C:\Users\Mahesh\.m2\repository\javax\inject\javax.inject\1\javax.inject-1.jar;C:\Users\Mahesh\.m2\repository\org\eclipse\sisu\org.eclipse.sisu.inject\0.3.4\org.eclipse.sisu.inject-0.3.4.jar;C:\Users\Mahesh\.m2\repository\org\codehaus\plexus\plexus-component-annotations\1.5.5\plexus-component-annotations-1.5.5.jar;C:\Users\Mahesh\.m2\repository\org\codehaus\plexus\plexus-classworlds\2.6.0\plexus-classworlds-2.6.0.jar;C:\Users\Mahesh\.m2\repository\org\apache\maven\plugins\maven-gpg-plugin\1.6\maven-gpg-plugin-1.6.jar;C:\Users\Mahesh\.m2\repository\org\apache\maven\maven-project\2.2.1\maven-project-2.2.1.jar;C:\Users\Mahesh\.m2\repository\org\apache\maven\maven-settings\2.2.1\maven-settings-2.2.1.jar;C:\Users\Mahesh\.m2\repository\org\apache\maven\maven-profile\2.2.1\maven-profile-2.2.1.jar;C:\Users\Mahesh\.m2\repository\org\apache\maven\maven-artifact-manager\2.2.1\maven-artifact-manager-2.2.1.jar;C:\Users\Mahesh\.m2\repository\org\apache\maven\wagon\wagon-provider-api\1.0-beta-6\wagon-provider-api-1.0-beta-6.jar;C:\Users\Mahesh\.m2\repository\backport-util-concurrent\backport-util-concurrent\3.1\backport-util-concurrent-3.1.jar;C:\Users\Mahesh\.m2\repository\org\apache\maven\maven-plugin-registry\2.2.1\maven-plugin-registry-2.2.1.jar;C:\Users\Mahesh\.m2\repository\org\codehaus\plexus\plexus-interpolation\1.11\plexus-interpolation-1.11.jar;C:\Users\Mahesh\.m2\repository\org\codehaus\plexus\plexus-container-default\1.0-alpha-9-stable-1\plexus-container-default-1.0-alpha-9-stable-1.jar;C:\Users\Mahesh\.m2\repository\classworlds\classworlds\1.1-alpha-2\classworlds-1.1-alpha-2.jar;C:\Users\Mahesh\.m2\repository\org\apache\maven\maven-repository-metadata\2.2.1\maven-repository-metadata-2.2.1.jar;C:\Users\Mahesh\.m2\repository\org\sonatype\plexus\plexus-sec-dispatcher\1.4\plexus-sec-dispatcher-1.4.jar;C:\Users\Mahesh\.m2\repository\org\sonatype\plexus\plexus-cipher\1.4\plexus-cipher-1.4.jar;C:\Users\Mahesh\.m2\repository\info\cukes\cucumber-jvm-deps\1.0.5\cucumber-jvm-deps-1.0.5.jar;C:\Users\Mahesh\.m2\repository\org\apache\poi\poi\4.1.1\poi-4.1.1.jar;C:\Users\Mahesh\.m2\repository\commons-codec\commons-codec\1.13\commons-codec-1.13.jar;C:\Users\Mahesh\.m2\repository\org\apache\commons\commons-collections4\4.4\commons-collections4-4.4.jar;C:\Users\Mahesh\.m2\repository\org\apache\commons\commons-math3\3.6.1\commons-math3-3.6.1.jar;"/>
    <property name="java.vm.vendor" value="Oracle Corporation"/>
    <property name="sun.arch.data.model" value="64"/>
    <property name="user.variant" value=""/>
    <property name="java.vendor.url" value="https://java.oracle.com/"/>
    <property name="os.name" value="Windows 10"/>
    <property name="java.vm.specification.version" value="12"/>
    <property name="sun.java.launcher" value="SUN_STANDARD"/>
    <property name="user.country" value="US"/>
    <property name="sun.boot.library.path" value="C:\Program Files\Java\jdk-12.0.1\bin"/>
    <property name="sun.java.command" value="C:\Users\Mahesh\AppData\Local\Temp\surefire3210667222028888579\surefirebooter9552087911770910959.jar C:\Users\Mahesh\AppData\Local\Temp\surefire3210667222028888579 2021-09-01T10-19-10_625-jvmRun1 surefire18427155661532598646tmp surefire_01434678145581175733tmp"/>
    <property name="jdk.debug" value="release"/>
    <property name="surefire.test.class.path" value="C:\Users\Mahesh\IdeaProjects\SampleProject\target\test-classes;C:\Users\Mahesh\IdeaProjects\SampleProject\target\classes;C:\Users\Mahesh\.m2\repository\org\seleniumhq\selenium\selenium-java\3.141.59\selenium-java-3.141.59.jar;C:\Users\Mahesh\.m2\repository\org\seleniumhq\selenium\selenium-api\3.141.59\selenium-api-3.141.59.jar;C:\Users\Mahesh\.m2\repository\org\seleniumhq\selenium\selenium-chrome-driver\3.141.59\selenium-chrome-driver-3.141.59.jar;C:\Users\Mahesh\.m2\repository\org\seleniumhq\selenium\selenium-edge-driver\3.141.59\selenium-edge-driver-3.141.59.jar;C:\Users\Mahesh\.m2\repository\org\seleniumhq\selenium\selenium-firefox-driver\3.141.59\selenium-firefox-driver-3.141.59.jar;C:\Users\Mahesh\.m2\repository\org\seleniumhq\selenium\selenium-ie-driver\3.141.59\selenium-ie-driver-3.141.59.jar;C:\Users\Mahesh\.m2\repository\org\seleniumhq\selenium\selenium-opera-driver\3.141.59\selenium-opera-driver-3.141.59.jar;C:\Users\Mahesh\.m2\repository\org\seleniumhq\selenium\selenium-remote-driver\3.141.59\selenium-remote-driver-3.141.59.jar;C:\Users\Mahesh\.m2\repository\org\seleniumhq\selenium\selenium-safari-driver\3.141.59\selenium-safari-driver-3.141.59.jar;C:\Users\Mahesh\.m2\repository\org\seleniumhq\selenium\selenium-support\3.141.59\selenium-support-3.141.59.jar;C:\Users\Mahesh\.m2\repository\net\bytebuddy\byte-buddy\1.8.15\byte-buddy-1.8.15.jar;C:\Users\Mahesh\.m2\repository\org\apache\commons\commons-exec\1.3\commons-exec-1.3.jar;C:\Users\Mahesh\.m2\repository\com\google\guava\guava\25.0-jre\guava-25.0-jre.jar;C:\Users\Mahesh\.m2\repository\com\google\code\findbugs\jsr305\1.3.9\jsr305-1.3.9.jar;C:\Users\Mahesh\.m2\repository\org\checkerframework\checker-compat-qual\2.0.0\checker-compat-qual-2.0.0.jar;C:\Users\Mahesh\.m2\repository\com\google\errorprone\error_prone_annotations\2.1.3\error_prone_annotations-2.1.3.jar;C:\Users\Mahesh\.m2\repository\com\google\j2objc\j2objc-annotations\1.1\j2objc-annotations-1.1.jar;C:\Users\Mahesh\.m2\repository\org\codehaus\mojo\animal-sniffer-annotations\1.14\animal-sniffer-annotations-1.14.jar;C:\Users\Mahesh\.m2\repository\com\squareup\okhttp3\okhttp\3.11.0\okhttp-3.11.0.jar;C:\Users\Mahesh\.m2\repository\com\squareup\okio\okio\1.14.0\okio-1.14.0.jar;C:\Users\Mahesh\.m2\repository\io\cucumber\cucumber-java\6.11.0\cucumber-java-6.11.0.jar;C:\Users\Mahesh\.m2\repository\io\cucumber\cucumber-core\6.11.0\cucumber-core-6.11.0.jar;C:\Users\Mahesh\.m2\repository\io\cucumber\cucumber-gherkin\6.11.0\cucumber-gherkin-6.11.0.jar;C:\Users\Mahesh\.m2\repository\io\cucumber\cucumber-gherkin-messages\6.11.0\cucumber-gherkin-messages-6.11.0.jar;C:\Users\Mahesh\.m2\repository\io\cucumber\messages\15.0.0\messages-15.0.0.jar;C:\Users\Mahesh\.m2\repository\io\cucumber\tag-expressions\3.0.1\tag-expressions-3.0.1.jar;C:\Users\Mahesh\.m2\repository\io\cucumber\cucumber-expressions\10.3.0\cucumber-expressions-10.3.0.jar;C:\Users\Mahesh\.m2\repository\io\cucumber\datatable\3.5.0\datatable-3.5.0.jar;C:\Users\Mahesh\.m2\repository\io\cucumber\cucumber-plugin\6.11.0\cucumber-plugin-6.11.0.jar;C:\Users\Mahesh\.m2\repository\io\cucumber\docstring\6.11.0\docstring-6.11.0.jar;C:\Users\Mahesh\.m2\repository\io\cucumber\html-formatter\13.0.0\html-formatter-13.0.0.jar;C:\Users\Mahesh\.m2\repository\io\cucumber\create-meta\4.0.0\create-meta-4.0.0.jar;C:\Users\Mahesh\.m2\repository\org\apiguardian\apiguardian-api\1.1.2\apiguardian-api-1.1.2.jar;C:\Users\Mahesh\.m2\repository\io\cucumber\cucumber-junit\6.11.0\cucumber-junit-6.11.0.jar;C:\Users\Mahesh\.m2\repository\junit\junit\4.13.2\junit-4.13.2.jar;C:\Users\Mahesh\.m2\repository\org\hamcrest\hamcrest-core\1.3\hamcrest-core-1.3.jar;C:\Users\Mahesh\.m2\repository\net\masterthought\cucumber-reporting\5.5.4\cucumber-reporting-5.5.4.jar;C:\Users\Mahesh\.m2\repository\com\fasterxml\jackson\core\jackson-databind\2.12.1\jackson-databind-2.12.1.jar;C:\Users\Mahesh\.m2\repository\com\fasterxml\jackson\core\jackson-annotations\2.12.1\jackson-annotations-2.12.1.jar;C:\Users\Mahesh\.m2\repository\com\fasterxml\jackson\core\jackson-core\2.12.1\jackson-core-2.12.1.jar;C:\Users\Mahesh\.m2\repository\com\fasterxml\jackson\datatype\jackson-datatype-jsr310\2.12.1\jackson-datatype-jsr310-2.12.1.jar;C:\Users\Mahesh\.m2\repository\org\apache\velocity\velocity-engine-core\2.3\velocity-engine-core-2.3.jar;C:\Users\Mahesh\.m2\repository\org\slf4j\slf4j-api\1.7.30\slf4j-api-1.7.30.jar;C:\Users\Mahesh\.m2\repository\commons-collections\commons-collections\3.2.2\commons-collections-3.2.2.jar;C:\Users\Mahesh\.m2\repository\joda-time\joda-time\2.10.10\joda-time-2.10.10.jar;C:\Users\Mahesh\.m2\repository\org\apache\commons\commons-lang3\3.12.0\commons-lang3-3.12.0.jar;C:\Users\Mahesh\.m2\repository\commons-io\commons-io\2.7\commons-io-2.7.jar;C:\Users\Mahesh\.m2\repository\org\codehaus\plexus\plexus-utils\3.3.0\plexus-utils-3.3.0.jar;C:\Users\Mahesh\.m2\repository\org\jsoup\jsoup\1.13.1\jsoup-1.13.1.jar;C:\Users\Mahesh\.m2\repository\com\googlecode\owasp-java-html-sanitizer\owasp-java-html-sanitizer\20200713.1\owasp-java-html-sanitizer-20200713.1.jar;C:\Users\Mahesh\.m2\repository\commons-configuration\commons-configuration\1.10\commons-configuration-1.10.jar;C:\Users\Mahesh\.m2\repository\commons-lang\commons-lang\2.6\commons-lang-2.6.jar;C:\Users\Mahesh\.m2\repository\commons-logging\commons-logging\1.1.1\commons-logging-1.1.1.jar;C:\Users\Mahesh\.m2\repository\net\masterthought\maven-cucumber-reporting\5.5.4\maven-cucumber-reporting-5.5.4.jar;C:\Users\Mahesh\.m2\repository\org\apache\maven\maven-plugin-api\3.8.1\maven-plugin-api-3.8.1.jar;C:\Users\Mahesh\.m2\repository\org\apache\maven\maven-model\3.8.1\maven-model-3.8.1.jar;C:\Users\Mahesh\.m2\repository\org\apache\maven\maven-artifact\3.8.1\maven-artifact-3.8.1.jar;C:\Users\Mahesh\.m2\repository\org\eclipse\sisu\org.eclipse.sisu.plexus\0.3.4\org.eclipse.sisu.plexus-0.3.4.jar;C:\Users\Mahesh\.m2\repository\javax\enterprise\cdi-api\1.0\cdi-api-1.0.jar;C:\Users\Mahesh\.m2\repository\javax\annotation\jsr250-api\1.0\jsr250-api-1.0.jar;C:\Users\Mahesh\.m2\repository\javax\inject\javax.inject\1\javax.inject-1.jar;C:\Users\Mahesh\.m2\repository\org\eclipse\sisu\org.eclipse.sisu.inject\0.3.4\org.eclipse.sisu.inject-0.3.4.jar;C:\Users\Mahesh\.m2\repository\org\codehaus\plexus\plexus-component-annotations\1.5.5\plexus-component-annotations-1.5.5.jar;C:\Users\Mahesh\.m2\repository\org\codehaus\plexus\plexus-classworlds\2.6.0\plexus-classworlds-2.6.0.jar;C:\Users\Mahesh\.m2\repository\org\apache\maven\plugins\maven-gpg-plugin\1.6\maven-gpg-plugin-1.6.jar;C:\Users\Mahesh\.m2\repository\org\apache\maven\maven-project\2.2.1\maven-project-2.2.1.jar;C:\Users\Mahesh\.m2\repository\org\apache\maven\maven-settings\2.2.1\maven-settings-2.2.1.jar;C:\Users\Mahesh\.m2\repository\org\apache\maven\maven-profile\2.2.1\maven-profile-2.2.1.jar;C:\Users\Mahesh\.m2\repository\org\apache\maven\maven-artifact-manager\2.2.1\maven-artifact-manager-2.2.1.jar;C:\Users\Mahesh\.m2\repository\org\apache\maven\wagon\wagon-provider-api\1.0-beta-6\wagon-provider-api-1.0-beta-6.jar;C:\Users\Mahesh\.m2\repository\backport-util-concurrent\backport-util-concurrent\3.1\backport-util-concurrent-3.1.jar;C:\Users\Mahesh\.m2\repository\org\apache\maven\maven-plugin-registry\2.2.1\maven-plugin-registry-2.2.1.jar;C:\Users\Mahesh\.m2\repository\org\codehaus\plexus\plexus-interpolation\1.11\plexus-interpolation-1.11.jar;C:\Users\Mahesh\.m2\repository\org\codehaus\plexus\plexus-container-default\1.0-alpha-9-stable-1\plexus-container-default-1.0-alpha-9-stable-1.jar;C:\Users\Mahesh\.m2\repository\classworlds\classworlds\1.1-alpha-2\classworlds-1.1-alpha-2.jar;C:\Users\Mahesh\.m2\repository\org\apache\maven\maven-repository-metadata\2.2.1\maven-repository-metadata-2.2.1.jar;C:\Users\Mahesh\.m2\repository\org\sonatype\plexus\plexus-sec-dispatcher\1.4\plexus-sec-dispatcher-1.4.jar;C:\Users\Mahesh\.m2\repository\org\sonatype\plexus\plexus-cipher\1.4\plexus-cipher-1.4.jar;C:\Users\Mahesh\.m2\repository\info\cukes\cucumber-jvm-deps\1.0.5\cucumber-jvm-deps-1.0.5.jar;C:\Users\Mahesh\.m2\repository\org\apache\poi\poi\4.1.1\poi-4.1.1.jar;C:\Users\Mahesh\.m2\repository\commons-codec\commons-codec\1.13\commons-codec-1.13.jar;C:\Users\Mahesh\.m2\repository\org\apache\commons\commons-collections4\4.4\commons-collections4-4.4.jar;C:\Users\Mahesh\.m2\repository\org\apache\commons\commons-math3\3.6.1\commons-math3-3.6.1.jar;"/>
    <property name="sun.cpu.endian" value="little"/>
    <property name="user.home" value="C:\Users\Mahesh"/>
    <property name="user.language" value="en"/>
    <property name="java.specification.vendor" value="Oracle Corporation"/>
    <property name="java.version.date" value="2019-04-16"/>
    <property name="java.home" value="C:\Program Files\Java\jdk-12.0.1"/>
    <property name="file.separator" value="\"/>
    <property name="basedir" value="C:\Users\Mahesh\IdeaProjects\SampleProject"/>
    <property name="java.vm.compressedOopsMode" value="32-bit"/>
    <property name="line.separator" value="&#10;"/>
    <property name="java.vm.specification.vendor" value="Oracle Corporation"/>
    <property name="java.specification.name" value="Java Platform API Specification"/>
    <property name="java.awt.graphicsenv" value="sun.awt.Win32GraphicsEnvironment"/>
    <property name="surefire.real.class.path" value="C:\Users\Mahesh\AppData\Local\Temp\surefire3210667222028888579\surefirebooter9552087911770910959.jar"/>
    <property name="user.script" value=""/>
    <property name="sun.management.compiler" value="HotSpot 64-Bit Tiered Compilers"/>
    <property name="java.runtime.version" value="12.0.1+12"/>
    <property name="user.name" value="Mahesh"/>
    <property name="path.separator" value=";"/>
    <property name="os.version" value="10.0"/>
    <property name="java.runtime.name" value="Java(TM) SE Runtime Environment"/>
    <property name="file.encoding" value="Cp1252"/>
    <property name="java.vm.name" value="Java HotSpot(TM) 64-Bit Server VM"/>
    <property name="localRepository" value="C:\Users\Mahesh\.m2\repository"/>
    <property name="java.vendor.url.bug" value="https://bugreport.java.com/bugreport/"/>
    <property name="java.io.tmpdir" value="C:\Users\Mahesh\AppData\Local\Temp\"/>
    <property name="idea.version" value="2021.1"/>
    <property name="java.version" value="12.0.1"/>
    <property name="user.dir" value="C:\Users\Mahesh\IdeaProjects\SampleProject"/>
    <property name="os.arch" value="amd64"/>
    <property name="java.vm.specification.name" value="Java Virtual Machine Specification"/>
    <property name="sun.os.patch.level" value=""/>
    <property name="java.library.path" value="C:\Program Files\Java\jdk-12.0.1\bin;C:\WINDOWS\Sun\Java\bin;C:\WINDOWS\system32;C:\WINDOWS;C:\Program Files (x86)\Intel\Intel(R) Management Engine Components\iCLS\;C:\Program Files\Intel\Intel(R) Management Engine Components\iCLS\;C:\WINDOWS\system32;C:\WINDOWS;C:\WINDOWS\System32\Wbem;C:\WINDOWS\System32\WindowsPowerShell\v1.0\;C:\WINDOWS\System32\OpenSSH\;C:\Program Files (x86)\Intel\Intel(R) Management Engine Components\DAL;C:\Program Files\Intel\Intel(R) Management Engine Components\DAL;C:\Program Files (x86)\Intel\Intel(R) Management Engine Components\IPT;C:\Program Files\Intel\Intel(R) Management Engine Components\IPT;C:\Program Files\Java\jdk-12.0.1\bin;C:\Program Files\Intel\WiFi\bin\;C:\Program Files\Common Files\Intel\WirelessCommon\;C:\strawberry\c\bin;C:\strawberry\perl\bin;C:\Program Files\Git\cmd;C:\Users\Mahesh\AppData\Local\Microsoft\WindowsApps;;."/>
    <property name="java.vm.info" value="mixed mode, sharing"/>
    <property name="java.vendor" value="Oracle Corporation"/>
    <property name="java.vm.version" value="12.0.1+12"/>
    <property name="sun.io.unicode.encoding" value="UnicodeLittle"/>
    <property name="java.class.version" value="56.0"/>
  </properties>
  <testcase name="Demo_1" classname="Demo Application Features" time="11.197"/>
</testsuite>